<?xml version="1.0" encoding="UTF-8"?>
<testsuite xmlns:xsi="http://www.w3.org/2001/XMLSchema-instance" xsi:noNamespaceSchemaLocation="https://maven.apache.org/surefire/maven-surefire-plugin/xsd/surefire-test-report.xsd" version="3.0.2" name="TestSuite" time="28.189" tests="2" errors="0" skipped="0" failures="0">
  <properties>
[...]
</properties>
  <testcase name="verify_account_registration" classname="testCases.TC001_AccountRegistrationTest" time="7.281">
    <system-err><![CDATA[2025-08-22T15:58:28.954155400Z main INFO Starting configuration XmlConfiguration[location=E:\Eclipse Projects\OpenCart\target\test-classes\log4j2.xml, lastModified=2025-08-18T08:15:20.694Z]...
2025-08-22T15:58:28.955153Z main INFO Configuration XmlConfiguration[location=E:\Eclipse Projects\OpenCart\target\test-classes\log4j2.xml, lastModified=2025-08-18T08:15:20.694Z] started.
2025-08-22T15:58:28.958145400Z main INFO Stopping configuration org.apache.logging.log4j.core.config.DefaultConfiguration@703580bf...
2025-08-22T15:58:28.958145400Z main INFO Configuration org.apache.logging.log4j.core.config.DefaultConfiguration@703580bf stopped.
]]></system-err>
  </testcase>
  <testcase name="verify_login" classname="testCases.TC002_LoginTest" time="2.706"/>
</testsuite>